This is pdfTeX, Version 3.141592653-2.6-1.40.25 (MiKTeX 23.4) (preloaded format=pdflatex 2023.5.26)  3 AUG 2023 12:44
entering extended mode
 restricted \write18 enabled.
 %&-line parsing enabled.
**./eps-to-pdf.tex
(eps-to-pdf.tex
LaTeX2e <2022-11-01> patch level 1
L3 programming layer <2023-05-15>
(/home/jcosson/.miktex/texmfs/install/tex/latex/koma-script/scrreprt.cls
Document Class: scrreprt 2022/10/12 v3.38 KOMA-Script document class (report)
(/home/jcosson/.miktex/texmfs/install/tex/latex/koma-script/scrkbase.sty
Package: scrkbase 2022/10/12 v3.38 KOMA-Script package (KOMA-Script-dependent b
asics and keyval usage)

(/home/jcosson/.miktex/texmfs/install/tex/latex/koma-script/scrbase.sty
Package: scrbase 2022/10/12 v3.38 KOMA-Script package (KOMA-Script-independent 
basics and keyval usage)

(/home/jcosson/.miktex/texmfs/install/tex/latex/koma-script/scrlfile.sty
Package: scrlfile 2022/10/12 v3.38 KOMA-Script package (file load hooks)

(/home/jcosson/.miktex/texmfs/install/tex/latex/koma-script/scrlfile-hook.sty
Package: scrlfile-hook 2022/10/12 v3.38 KOMA-Script package (using LaTeX hooks)


(/home/jcosson/.miktex/texmfs/install/tex/latex/koma-script/scrlogo.sty
Package: scrlogo 2022/10/12 v3.38 KOMA-Script package (logo)
)))
(/usr/local/share/miktex-texmf/tex/latex/graphics/keyval.sty
Package: keyval 2022/05/29 v1.15 key=value parser (DPC)
\KV@toks@=\toks16
)
Applying: [2021/05/01] Usage of raw or classic option list on input line 252.
Already applied: [0000/00/00] Usage of raw or classic option list on input line
 368.
))
(/home/jcosson/.miktex/texmfs/install/tex/latex/koma-script/tocbasic.sty
Package: tocbasic 2022/10/12 v3.38 KOMA-Script package (handling toc-files)
\scr@dte@tocline@numberwidth=\skip48
\scr@dte@tocline@numbox=\box51
)
Package tocbasic Info: omitting babel extension for `toc'
(tocbasic)             because of feature `nobabel' available
(tocbasic)             for `toc' on input line 137.
Package scrreprt Info: You've used standard option `12pt'.
(scrreprt)             This is correct!
(scrreprt)             Internally I'm using `fontsize=12pt'.
(scrreprt)             If you'd like to set the option with \KOMAoptions,
(scrreprt)             you'd have to use `fontsize=12pt' there
(scrreprt)             instead of `12pt', too.
Class scrreprt Info: File `scrsize12pt.clo' used to setup font sizes on input l
ine 2614.

(/home/jcosson/.miktex/texmfs/install/tex/latex/koma-script/scrsize12pt.clo
File: scrsize12pt.clo 2022/10/12 v3.38 KOMA-Script font size class option (12pt
)
)
(/home/jcosson/.miktex/texmfs/install/tex/latex/koma-script/typearea.sty
Package: typearea 2022/10/12 v3.38 KOMA-Script package (type area)
\ta@bcor=\skip49
\ta@div=\count185
Package typearea Info: You've used standard option `a4paper'.
(typearea)             This is correct!
(typearea)             Internally I'm using `paper=a4'.
(typearea)             If you'd like to set the option with \KOMAoptions,
(typearea)             you'd have to use `paper=a4' there
(typearea)             instead of `a4paper', too.
\ta@hblk=\skip50
\ta@vblk=\skip51
\ta@temp=\skip52
\footheight=\skip53
Package typearea Info: These are the values describing the layout:
(typearea)             DIV  = 12
(typearea)             BCOR = 0.0pt
(typearea)             \paperwidth      = 597.50793pt
(typearea)              \textwidth      = 448.13095pt
(typearea)              DIV departure   = -6%
(typearea)              \evensidemargin = 27.31467pt
(typearea)              \oddsidemargin  = -22.47766pt
(typearea)             \paperheight     = 845.04694pt
(typearea)              \textheight     = 635.5pt
(typearea)              \topmargin      = -41.72441pt
(typearea)              \headheight     = 18.125pt
(typearea)              \headsep        = 21.75pt
(typearea)              \topskip        = 12.0pt
(typearea)              \footskip       = 50.75pt
(typearea)              \baselineskip   = 14.5pt
(typearea)              on input line 1767.
)
\c@part=\count186
\c@chapter=\count187
\c@section=\count188
\c@subsection=\count189
\c@subsubsection=\count190
\c@paragraph=\count191
\c@subparagraph=\count192
\scr@dte@chapter@maxnumwidth=\skip54
Class scrreprt Info: using compatibility default `afterindent=bysign'
(scrreprt)           for `\chapter on input line 5902.
\scr@dte@section@maxnumwidth=\skip55
Class scrreprt Info: using compatibility default `runin=bysign'
(scrreprt)           for `\section on input line 5913.
Class scrreprt Info: using compatibility default `afterindent=bysign'
(scrreprt)           for `\section on input line 5913.
\scr@dte@part@maxnumwidth=\skip56
Class scrreprt Info: using compatibility default `afterindent=true'
(scrreprt)           for `\part on input line 5922.
\scr@dte@subsection@maxnumwidth=\skip57
Class scrreprt Info: using compatibility default `runin=bysign'
(scrreprt)           for `\subsection on input line 5932.
Class scrreprt Info: using compatibility default `afterindent=bysign'
(scrreprt)           for `\subsection on input line 5932.
\scr@dte@subsubsection@maxnumwidth=\skip58
Class scrreprt Info: using compatibility default `runin=bysign'
(scrreprt)           for `\subsubsection on input line 5942.
Class scrreprt Info: using compatibility default `afterindent=bysign'
(scrreprt)           for `\subsubsection on input line 5942.
\scr@dte@paragraph@maxnumwidth=\skip59
Class scrreprt Info: using compatibility default `runin=bysign'
(scrreprt)           for `\paragraph on input line 5953.
Class scrreprt Info: using compatibility default `afterindent=bysign'
(scrreprt)           for `\paragraph on input line 5953.
\scr@dte@subparagraph@maxnumwidth=\skip60
Class scrreprt Info: using compatibility default `runin=bysign'
(scrreprt)           for `\subparagraph on input line 5963.
Class scrreprt Info: using compatibility default `afterindent=bysign'
(scrreprt)           for `\subparagraph on input line 5963.
\abovecaptionskip=\skip61
\belowcaptionskip=\skip62
\c@pti@nb@sid@b@x=\box52
Package tocbasic Info: omitting babel extension for `lof'
(tocbasic)             because of feature `nobabel' available
(tocbasic)             for `lof' on input line 7140.
\scr@dte@figure@maxnumwidth=\skip63
\c@figure=\count193
Package tocbasic Info: omitting babel extension for `lot'
(tocbasic)             because of feature `nobabel' available
(tocbasic)             for `lot' on input line 7157.
\scr@dte@table@maxnumwidth=\skip64
\c@table=\count194
Class scrreprt Info: Redefining `\numberline' on input line 7328.
\bibindent=\dimen140
)
(/usr/local/share/miktex-texmf/tex/generic/babel/babel.sty
Package: babel 2023/05/11 v3.89 The Babel package
\babel@savecnt=\count195
\U@D=\dimen141
\l@unhyphenated=\language79

(/usr/local/share/miktex-texmf/tex/generic/babel/txtbabel.def)
\bbl@readstream=\read2
\bbl@dirlevel=\count196

*************************************
* Local config file bblopts.cfg used
*
(/usr/local/share/miktex-texmf/tex/latex/arabi/bblopts.cfg
File: bblopts.cfg 2005/09/08 v0.1 add Arabic and Farsi to "declared" options of
 babel
)
Package babel Info: Main language set with 'main='. Except if you have
(babel)             problems, prefer the default mechanism for setting
(babel)             the main language, ie, as the last declared.
(babel)             Reported on input line 4170.

(/usr/local/share/miktex-texmf/tex/latex/babel-english/english.ldf
Language: english 2017/06/06 v3.3r English support from the babel system
Package babel Info: Hyphen rules for 'canadian' set to \l@english
(babel)             (\language0). Reported on input line 102.
Package babel Info: Hyphen rules for 'australian' set to \l@ukenglish
(babel)             (\language73). Reported on input line 105.
Package babel Info: Hyphen rules for 'newzealand' set to \l@ukenglish
(babel)             (\language73). Reported on input line 108.
))
(/usr/local/share/miktex-texmf/tex/generic/babel/locale/en/babel-english.tex
Package babel Info: Importing font and identification data for english
(babel)             from babel-en.ini. Reported on input line 11.
)
(/usr/local/share/miktex-texmf/tex/latex/base/inputenc.sty
Package: inputenc 2021/02/14 v1.3d Input encoding file
\inpenc@prehook=\toks17
\inpenc@posthook=\toks18
)
(/home/jcosson/.miktex/texmfs/install/tex/latex/ucs/ucs.sty
Package: ucs 2022/08/07 v2.3 UCS: Unicode input support

(/home/jcosson/.miktex/texmfs/install/tex/latex/ucs/data/uni-global.def
File: uni-global.def 2022/08/07 UCS: Unicode global data
)
\uc@secondtry=\count197
\uc@combtoks=\toks19
\uc@combtoksb=\toks20
\uc@temptokena=\toks21
)
(/usr/local/share/miktex-texmf/tex/latex/base/textcomp.sty
Package: textcomp 2020/02/02 v2.0n Standard LaTeX package
)
(/usr/local/share/miktex-texmf/tex/latex/hyperref/hyperref.sty
Package: hyperref 2023-04-22 v7.00x Hypertext links for LaTeX

(/home/jcosson/.miktex/texmfs/install/tex/generic/ltxcmds/ltxcmds.sty
Package: ltxcmds 2020-05-10 v1.25 LaTeX kernel commands for general use (HO)
)
(/usr/local/share/miktex-texmf/tex/generic/iftex/iftex.sty
Package: iftex 2022/02/03 v1.0f TeX engine tests
)
(/usr/local/share/miktex-texmf/tex/generic/pdftexcmds/pdftexcmds.sty
Package: pdftexcmds 2020-06-27 v0.33 Utility functions of pdfTeX for LuaTeX (HO
)

(/home/jcosson/.miktex/texmfs/install/tex/generic/infwarerr/infwarerr.sty
Package: infwarerr 2019/12/03 v1.5 Providing info/warning/error messages (HO)
)
Package pdftexcmds Info: \pdf@primitive is available.
Package pdftexcmds Info: \pdf@ifprimitive is available.
Package pdftexcmds Info: \pdfdraftmode found.
)
(/home/jcosson/.miktex/texmfs/install/tex/latex/kvsetkeys/kvsetkeys.sty
Package: kvsetkeys 2022-10-05 v1.19 Key value parser (HO)
)
(/home/jcosson/.miktex/texmfs/install/tex/generic/kvdefinekeys/kvdefinekeys.sty
Package: kvdefinekeys 2019-12-19 v1.6 Define keys (HO)
) (/home/jcosson/.miktex/texmfs/install/tex/generic/pdfescape/pdfescape.sty
Package: pdfescape 2019/12/09 v1.15 Implements pdfTeX's escape features (HO)
)
(/home/jcosson/.miktex/texmfs/install/tex/latex/hycolor/hycolor.sty
Package: hycolor 2020-01-27 v1.10 Color options for hyperref/bookmark (HO)
)
(/home/jcosson/.miktex/texmfs/install/tex/latex/letltxmacro/letltxmacro.sty
Package: letltxmacro 2019/12/03 v1.6 Let assignment for LaTeX macros (HO)
)
(/home/jcosson/.miktex/texmfs/install/tex/latex/auxhook/auxhook.sty
Package: auxhook 2019-12-17 v1.6 Hooks for auxiliary files (HO)
)
(/usr/local/share/miktex-texmf/tex/latex/hyperref/nameref.sty
Package: nameref 2022-05-17 v2.50 Cross-referencing by name of section

(/home/jcosson/.miktex/texmfs/install/tex/latex/refcount/refcount.sty
Package: refcount 2019/12/15 v3.6 Data extraction from label references (HO)
)
(/home/jcosson/.miktex/texmfs/install/tex/generic/gettitlestring/gettitlestring
.sty
Package: gettitlestring 2019/12/15 v1.6 Cleanup title references (HO)
 (/home/jcosson/.miktex/texmfs/install/tex/latex/kvoptions/kvoptions.sty
Package: kvoptions 2022-06-15 v3.15 Key value format for package options (HO)
))
\c@section@level=\count198
) (/usr/local/share/miktex-texmf/tex/latex/etoolbox/etoolbox.sty
Package: etoolbox 2020/10/05 v2.5k e-TeX tools for LaTeX (JAW)
\etb@tempcnta=\count199
)
\@linkdim=\dimen142
\Hy@linkcounter=\count266
\Hy@pagecounter=\count267

(/usr/local/share/miktex-texmf/tex/latex/hyperref/pd1enc.def
File: pd1enc.def 2023-04-22 v7.00x Hyperref: PDFDocEncoding definition (HO)
Now handling font encoding PD1 ...
... no UTF-8 mapping file for font encoding PD1
)
(/home/jcosson/.miktex/texmfs/install/tex/generic/intcalc/intcalc.sty
Package: intcalc 2019/12/15 v1.3 Expandable calculations with integers (HO)
)
\Hy@SavedSpaceFactor=\count268

(/usr/local/share/miktex-texmf/tex/latex/hyperref/puenc.def
File: puenc.def 2023-04-22 v7.00x Hyperref: PDF Unicode definition (HO)
Now handling font encoding PU ...
... no UTF-8 mapping file for font encoding PU
)
Package hyperref Info: Option `colorlinks' set `false' on input line 4065.
Package hyperref Info: Option `pdfpagelabels' set `true' on input line 4065.
Package hyperref Info: Hyper figures OFF on input line 4182.
Package hyperref Info: Link nesting OFF on input line 4187.
Package hyperref Info: Hyper index ON on input line 4190.
Package hyperref Info: Plain pages OFF on input line 4197.
Package hyperref Info: Backreferencing OFF on input line 4202.
Package hyperref Info: Implicit mode ON; LaTeX internals redefined.
Package hyperref Info: Bookmarks ON on input line 4449.
\c@Hy@tempcnt=\count269

(/usr/local/share/miktex-texmf/tex/latex/url/url.sty
\Urlmuskip=\muskip16
Package: url 2013/09/16  ver 3.4  Verb mode for urls, etc.
)
LaTeX Info: Redefining \url on input line 4787.
\XeTeXLinkMargin=\dimen143

(/home/jcosson/.miktex/texmfs/install/tex/generic/bitset/bitset.sty
Package: bitset 2019/12/09 v1.3 Handle bit-vector datatype (HO)

(/home/jcosson/.miktex/texmfs/install/tex/generic/bigintcalc/bigintcalc.sty
Package: bigintcalc 2019/12/15 v1.5 Expandable calculations on big integers (HO
)
))
\Fld@menulength=\count270
\Field@Width=\dimen144
\Fld@charsize=\dimen145
Package hyperref Info: Hyper figures OFF on input line 6066.
Package hyperref Info: Link nesting OFF on input line 6071.
Package hyperref Info: Hyper index ON on input line 6074.
Package hyperref Info: backreferencing OFF on input line 6081.
Package hyperref Info: Link coloring OFF on input line 6086.
Package hyperref Info: Link coloring with OCG OFF on input line 6091.
Package hyperref Info: PDF/A mode OFF on input line 6096.

(/usr/local/share/miktex-texmf/tex/latex/base/atbegshi-ltx.sty
Package: atbegshi-ltx 2021/01/10 v1.0c Emulation of the original atbegshi
package with kernel methods
)
\Hy@abspage=\count271
\c@Item=\count272
\c@Hfootnote=\count273
)
Package hyperref Info: Driver (autodetected): hpdftex.

(/usr/local/share/miktex-texmf/tex/latex/hyperref/hpdftex.def
File: hpdftex.def 2023-04-22 v7.00x Hyperref driver for pdfTeX

(/usr/local/share/miktex-texmf/tex/latex/base/atveryend-ltx.sty
Package: atveryend-ltx 2020/08/19 v1.0a Emulation of the original atveryend pac
kage
with kernel methods
)
\Fld@listcount=\count274
\c@bookmark@seq@number=\count275

(/home/jcosson/.miktex/texmfs/install/tex/latex/rerunfilecheck/rerunfilecheck.s
ty
Package: rerunfilecheck 2022-07-10 v1.10 Rerun checks for auxiliary files (HO)

(/home/jcosson/.miktex/texmfs/install/tex/generic/uniquecounter/uniquecounter.s
ty
Package: uniquecounter 2019/12/15 v1.4 Provide unlimited unique counter (HO)
)
Package uniquecounter Info: New unique counter `rerunfilecheck' on input line 2
85.
)
\Hy@SectionHShift=\skip65
) (/usr/local/share/miktex-texmf/tex/latex/xcolor/xcolor.sty
Package: xcolor 2022/06/12 v2.14 LaTeX color extensions (UK)

(/usr/local/share/miktex-texmf/tex/latex/graphics-cfg/color.cfg
File: color.cfg 2016/01/02 v1.6 sample color configuration
)
Package xcolor Info: Driver file: pdftex.def on input line 227.

(/usr/local/share/miktex-texmf/tex/latex/graphics-def/pdftex.def
File: pdftex.def 2022/09/22 v1.2b Graphics/color driver for pdftex
)
(/usr/local/share/miktex-texmf/tex/latex/graphics/mathcolor.ltx)
Package xcolor Info: Model `cmy' substituted by `cmy0' on input line 1353.
Package xcolor Info: Model `hsb' substituted by `rgb' on input line 1357.
Package xcolor Info: Model `RGB' extended on input line 1369.
Package xcolor Info: Model `HTML' substituted by `rgb' on input line 1371.
Package xcolor Info: Model `Hsb' substituted by `hsb' on input line 1372.
Package xcolor Info: Model `tHsb' substituted by `hsb' on input line 1373.
Package xcolor Info: Model `HSB' substituted by `hsb' on input line 1374.
Package xcolor Info: Model `Gray' substituted by `gray' on input line 1375.
Package xcolor Info: Model `wave' substituted by `hsb' on input line 1376.
)
(/home/jcosson/.miktex/texmfs/install/tex/latex/colortbl/colortbl.sty
Package: colortbl 2022/06/20 v1.0f Color table columns (DPC)

(/usr/local/share/miktex-texmf/tex/latex/tools/array.sty
Package: array 2022/09/04 v2.5g Tabular extension package (FMi)
\col@sep=\dimen146
\ar@mcellbox=\box53
\extrarowheight=\dimen147
\NC@list=\toks22
\extratabsurround=\skip66
\backup@length=\skip67
\ar@cellbox=\box54
)
\everycr=\toks23
\minrowclearance=\skip68
\rownum=\count276
)
(/usr/local/share/miktex-texmf/tex/latex/graphics/lscape.sty
Package: lscape 2020/05/28 v3.02 Landscape Pages (DPC)

(/usr/local/share/miktex-texmf/tex/latex/graphics/graphics.sty
Package: graphics 2022/03/10 v1.4e Standard LaTeX Graphics (DPC,SPQR)

(/usr/local/share/miktex-texmf/tex/latex/graphics/trig.sty
Package: trig 2021/08/11 v1.11 sin cos tan (DPC)
)
(/usr/local/share/miktex-texmf/tex/latex/graphics-cfg/graphics.cfg
File: graphics.cfg 2016/06/04 v1.11 sample graphics configuration
)
Package graphics Info: Driver file: pdftex.def on input line 107.
))
(/home/jcosson/.miktex/texmfs/install/tex/latex/caption/caption.sty
Package: caption 2022/03/01 v3.6b Customizing captions (AR)

(/home/jcosson/.miktex/texmfs/install/tex/latex/caption/caption3.sty
Package: caption3 2022/03/17 v2.3b caption3 kernel (AR)
\caption@tempdima=\dimen148
\captionmargin=\dimen149
\caption@leftmargin=\dimen150
\caption@rightmargin=\dimen151
\caption@width=\dimen152
\caption@indent=\dimen153
\caption@parindent=\dimen154
\caption@hangindent=\dimen155
Package caption Info: KOMA-Script document class detected.

(/home/jcosson/.miktex/texmfs/install/tex/latex/caption/caption-koma.sto
File: caption-koma.sto 2020/09/21 v2.0b Adaption of the caption package to the 
KOMA-Script document classes (AR)
))
\c@caption@flags=\count277
\c@continuedfloat=\count278
Package caption Info: hyperref package is loaded.
)
Package caption Info: Option `declare type' requires the `newfloat' package on 
input line 14.

(/home/jcosson/.miktex/texmfs/install/tex/latex/newfloat/newfloat.sty
Package: newfloat 2019/09/02 v1.1l Defining new floating environments (AR)
)
Package newfloat Info: New float `mytype' with options `' on input line 14.
\c@mytype=\count279
\newfloat@ftype=\count280
Package newfloat Info: float type `mytype'=8 on input line 14.
Package tocbasic Info: setting babel extension for `lomytype' on input line 14.

Package newfloat Info: New float `mycode' with options `' on input line 15.
\c@mycode=\count281
Package newfloat Info: float type `mycode'=16 on input line 15.
Package tocbasic Info: setting babel extension for `lomycode' on input line 15.


(/home/jcosson/.miktex/texmfs/install/tex/latex/caption/subcaption.sty
Package: subcaption 2022/01/07 v1.5 Sub-captions (AR)
\c@subfigure=\count282
\c@subtable=\count283
\c@submytype=\count284
\c@submycode=\count285
)
(/home/jcosson/.miktex/texmfs/install/tex/latex/overpic/overpic.sty
Package: overpic 2020/02/22 1.3 picture overlays (RN)

(/usr/local/share/miktex-texmf/tex/latex/graphics/graphicx.sty
Package: graphicx 2021/09/16 v1.2d Enhanced LaTeX Graphics (DPC,SPQR)
\Gin@req@height=\dimen156
\Gin@req@width=\dimen157
)
(/home/jcosson/.miktex/texmfs/install/tex/latex/eepic/epic.sty
Enhancements to Picture Environment. Version 1.2 - Released June 1, 1986
\@@multicnt=\count286
\d@lta=\count287
\@delta=\dimen158
\@@delta=\dimen159
\@gridcnt=\count288
\@joinkind=\count289
\@dotgap=\dimen160
\@ddotgap=\dimen161
\@x@diff=\count290
\@y@diff=\count291
\x@diff=\dimen162
\y@diff=\dimen163
\@dotbox=\box55
\num@segments=\count292
\num@segmentsi=\count293
\@datafile=\read3
)
\OVP@box=\box56
) (/usr/local/share/miktex-texmf/tex/latex/listings/listings.sty
\lst@mode=\count294
\lst@gtempboxa=\box57
\lst@token=\toks24
\lst@length=\count295
\lst@currlwidth=\dimen164
\lst@column=\count296
\lst@pos=\count297
\lst@lostspace=\dimen165
\lst@width=\dimen166
\lst@newlines=\count298
\lst@lineno=\count299
\lst@maxwidth=\dimen167

(/usr/local/share/miktex-texmf/tex/latex/listings/lstmisc.sty
File: lstmisc.sty 2023/02/27 1.9 (Carsten Heinz)
\c@lstnumber=\count300
\lst@skipnumbers=\count301
\lst@framebox=\box58
)
(/usr/local/share/miktex-texmf/tex/latex/listings/listings.cfg
File: listings.cfg 2023/02/27 1.9 listings configuration
))
Package: listings 2023/02/27 1.9 (Carsten Heinz)

(/home/jcosson/.miktex/texmfs/install/tex/latex/pdfpages/pdfpages.sty
Package: pdfpages 2022/12/19 v0.5x Insert pages of external PDF documents (AM)

(/usr/local/share/miktex-texmf/tex/latex/base/ifthen.sty
Package: ifthen 2022/04/13 v1.1d Standard LaTeX ifthen package (DPC)
)
(/usr/local/share/miktex-texmf/tex/latex/tools/calc.sty
Package: calc 2017/05/25 v4.3 Infix arithmetic (KKT,FJ)
\calc@Acount=\count302
\calc@Bcount=\count303
\calc@Adimen=\dimen168
\calc@Bdimen=\dimen169
\calc@Askip=\skip69
\calc@Bskip=\skip70
LaTeX Info: Redefining \setlength on input line 80.
LaTeX Info: Redefining \addtolength on input line 81.
\calc@Ccount=\count304
\calc@Cskip=\skip71
)
(/home/jcosson/.miktex/texmfs/install/tex/latex/eso-pic/eso-pic.sty
Package: eso-pic 2020/10/14 v3.0a eso-pic (RN)
\ESO@tempdima=\dimen170
\ESO@tempdimb=\dimen171
)
\AM@pagewidth=\dimen172
\AM@pageheight=\dimen173
\AM@fboxrule=\dimen174

(/home/jcosson/.miktex/texmfs/install/tex/latex/pdfpages/pppdftex.def
File: pppdftex.def 2022/12/19 v0.5x Pdfpages driver for pdfTeX (AM)
)
\pdfpages@includegraphics@status=\count305
\AM@pagebox=\box59
\AM@global@opts=\toks25
\AM@pagecnt=\count306
\AM@toc@title=\toks26
\AM@lof@heading=\toks27
\c@AM@survey=\count307
\AM@templatesizebox=\box60
)
(/home/jcosson/.miktex/texmfs/install/tex/latex/enumitem/enumitem.sty
Package: enumitem 2019/06/20 v3.9 Customized lists
\labelindent=\skip72
\enit@outerparindent=\dimen175
\enit@toks=\toks28
\enit@inbox=\box61
\enit@count@id=\count308
\enitdp@description=\count309
)
(/usr/local/share/miktex-texmf/tex/latex/epstopdf-pkg/epstopdf.sty
Package: epstopdf 2020-01-24 v2.11 Conversion with epstopdf on the fly (HO)

(/home/jcosson/.miktex/texmfs/install/tex/latex/grfext/grfext.sty
Package: grfext 2019/12/03 v1.3 Manage graphics extensions (HO)
)
(/usr/local/share/miktex-texmf/tex/latex/epstopdf-pkg/epstopdf-base.sty
Package: epstopdf-base 2020-01-24 v2.11 Base part for package epstopdf
Package epstopdf-base Info: Redefining graphics rule for `.eps' on input line 4
85.
Package grfext Info: Graphics extension search list:
(grfext)             [.pdf,.png,.jpg,.mps,.jpeg,.jbig2,.jb2,.PDF,.PNG,.JPG,.JPE
G,.JBIG2,.JB2,.eps]
(grfext)             \AppendGraphicsExtensions on input line 504.

(/usr/local/share/miktex-texmf/tex/latex/00miktex/epstopdf-sys.cfg
File: epstopdf-sys.cfg 2021/03/18 v2.0 Configuration of epstopdf for MiKTeX
)))
(/home/jcosson/.miktex/texmfs/install/tex/latex/placeins/placeins.sty
Package: placeins 2005/04/18  v 2.2
)
(/home/jcosson/.miktex/texmfs/install/tex/latex/lipsum/lipsum.sty
(/usr/local/share/miktex-texmf/tex/latex/l3packages/l3keys2e/l3keys2e.sty
(/usr/local/share/miktex-texmf/tex/latex/l3kernel/expl3.sty
Package: expl3 2023-05-15 L3 programming layer (loader) 

(/usr/local/share/miktex-texmf/tex/latex/l3backend/l3backend-pdftex.def
File: l3backend-pdftex.def 2023-04-19 L3 backend support: PDF output (pdfTeX)
\l__color_backend_stack_int=\count310
\l__pdf_internal_box=\box62
))
Package: l3keys2e 2023-02-02 LaTeX2e option processing using LaTeX3 keys
)
Package: lipsum 2021-09-20 v2.7 150 paragraphs of Lorem Ipsum dummy text
\g__lipsum_par_int=\count311
\l__lipsum_a_int=\count312
\l__lipsum_b_int=\count313

(/home/jcosson/.miktex/texmfs/install/tex/latex/lipsum/lipsum.ltd.tex))
(/home/jcosson/.miktex/texmfs/install/tex/latex/geometry/geometry.sty
Package: geometry 2020/01/02 v5.9 Page Geometry

(/usr/local/share/miktex-texmf/tex/generic/iftex/ifvtex.sty
Package: ifvtex 2019/10/25 v1.7 ifvtex legacy package. Use iftex instead.
)
\Gm@cnth=\count314
\Gm@cntv=\count315
\c@Gm@tempcnt=\count316
\Gm@bindingoffset=\dimen176
\Gm@wd@mp=\dimen177
\Gm@odd@mp=\dimen178
\Gm@even@mp=\dimen179
\Gm@layoutwidth=\dimen180
\Gm@layoutheight=\dimen181
\Gm@layouthoffset=\dimen182
\Gm@layoutvoffset=\dimen183
\Gm@dimlist=\toks29

(/home/jcosson/.miktex/texmfs/install/tex/latex/geometry/geometry.cfg))
(/home/jcosson/.miktex/texmfs/install/tex/latex/multirow/multirow.sty
Package: multirow 2021/03/15 v2.8 Span multiple rows of a table
\multirow@colwidth=\skip73
\multirow@cntb=\count317
\multirow@dima=\skip74
\bigstrutjot=\dimen184
)
(/usr/local/share/miktex-texmf/tex/latex/tools/multicol.sty
Package: multicol 2021/11/30 v1.9d multicolumn formatting (FMi)
\c@tracingmulticols=\count318
\mult@box=\box63
\multicol@leftmargin=\dimen185
\c@unbalance=\count319
\c@collectmore=\count320
\doublecol@number=\count321
\multicoltolerance=\count322
\multicolpretolerance=\count323
\full@width=\dimen186
\page@free=\dimen187
\premulticols=\dimen188
\postmulticols=\dimen189
\multicolsep=\skip75
\multicolbaselineskip=\skip76
\partial@page=\box64
\last@line=\box65
\maxbalancingoverflow=\dimen190
\mult@rightbox=\box66
\mult@grightbox=\box67
\mult@firstbox=\box68
\mult@gfirstbox=\box69
\@tempa=\box70
\@tempa=\box71
\@tempa=\box72
\@tempa=\box73
\@tempa=\box74
\@tempa=\box75
\@tempa=\box76
\@tempa=\box77
\@tempa=\box78
\@tempa=\box79
\@tempa=\box80
\@tempa=\box81
\@tempa=\box82
\@tempa=\box83
\@tempa=\box84
\@tempa=\box85
\@tempa=\box86
\@tempa=\box87
\@tempa=\box88
\@tempa=\box89
\@tempa=\box90
\@tempa=\box91
\@tempa=\box92
\@tempa=\box93
\@tempa=\box94
\@tempa=\box95
\@tempa=\box96
\@tempa=\box97
\@tempa=\box98
\@tempa=\box99
\@tempa=\box100
\@tempa=\box101
\@tempa=\box102
\@tempa=\box103
\@tempa=\box104
\@tempa=\box105
\c@minrows=\count324
\c@columnbadness=\count325
\c@finalcolumnbadness=\count326
\last@try=\dimen191
\multicolovershoot=\dimen192
\multicolundershoot=\dimen193
\mult@nat@firstbox=\box106
\colbreak@box=\box107
\mc@col@check@num=\count327
)
(/usr/local/share/miktex-texmf/tex/latex/tcolorbox/tcolorbox.sty
Package: tcolorbox 2023/03/17 version 6.0.3 text color boxes

(/usr/local/share/miktex-texmf/tex/latex/pgf/basiclayer/pgf.sty
(/usr/local/share/miktex-texmf/tex/latex/pgf/utilities/pgfrcs.sty
(/usr/local/share/miktex-texmf/tex/generic/pgf/utilities/pgfutil-common.tex
\pgfutil@everybye=\toks30
\pgfutil@tempdima=\dimen194
\pgfutil@tempdimb=\dimen195
)
(/usr/local/share/miktex-texmf/tex/generic/pgf/utilities/pgfutil-latex.def
\pgfutil@abb=\box108
)
(/usr/local/share/miktex-texmf/tex/generic/pgf/utilities/pgfrcs.code.tex
(/usr/local/share/miktex-texmf/tex/generic/pgf/pgf.revision.tex)
Package: pgfrcs 2023-01-15 v3.1.10 (3.1.10)
))
Package: pgf 2023-01-15 v3.1.10 (3.1.10)

(/usr/local/share/miktex-texmf/tex/latex/pgf/basiclayer/pgfcore.sty
(/usr/local/share/miktex-texmf/tex/latex/pgf/systemlayer/pgfsys.sty
(/usr/local/share/miktex-texmf/tex/generic/pgf/systemlayer/pgfsys.code.tex
Package: pgfsys 2023-01-15 v3.1.10 (3.1.10)

(/usr/local/share/miktex-texmf/tex/generic/pgf/utilities/pgfkeys.code.tex
\pgfkeys@pathtoks=\toks31
\pgfkeys@temptoks=\toks32

(/usr/local/share/miktex-texmf/tex/generic/pgf/utilities/pgfkeyslibraryfiltered
.code.tex
\pgfkeys@tmptoks=\toks33
))
\pgf@x=\dimen196
\pgf@y=\dimen197
\pgf@xa=\dimen198
\pgf@ya=\dimen199
\pgf@xb=\dimen256
\pgf@yb=\dimen257
\pgf@xc=\dimen258
\pgf@yc=\dimen259
\pgf@xd=\dimen260
\pgf@yd=\dimen261
\w@pgf@writea=\write3
\r@pgf@reada=\read4
\c@pgf@counta=\count328
\c@pgf@countb=\count329
\c@pgf@countc=\count330
\c@pgf@countd=\count331
\t@pgf@toka=\toks34
\t@pgf@tokb=\toks35
\t@pgf@tokc=\toks36
\pgf@sys@id@count=\count332
 (/usr/local/share/miktex-texmf/tex/generic/pgf/systemlayer/pgf.cfg
File: pgf.cfg 2023-01-15 v3.1.10 (3.1.10)
)
Driver file for pgf: pgfsys-pdftex.def
(/usr/local/share/miktex-texmf/tex/generic/pgf/systemlayer/pgfsys-pdftex.def
File: pgfsys-pdftex.def 2023-01-15 v3.1.10 (3.1.10)

(/usr/local/share/miktex-texmf/tex/generic/pgf/systemlayer/pgfsys-common-pdf.de
f
File: pgfsys-common-pdf.def 2023-01-15 v3.1.10 (3.1.10)
)))
(/usr/local/share/miktex-texmf/tex/generic/pgf/systemlayer/pgfsyssoftpath.code.
tex
File: pgfsyssoftpath.code.tex 2023-01-15 v3.1.10 (3.1.10)
\pgfsyssoftpath@smallbuffer@items=\count333
\pgfsyssoftpath@bigbuffer@items=\count334
)
(/usr/local/share/miktex-texmf/tex/generic/pgf/systemlayer/pgfsysprotocol.code.
tex
File: pgfsysprotocol.code.tex 2023-01-15 v3.1.10 (3.1.10)
))
(/usr/local/share/miktex-texmf/tex/generic/pgf/basiclayer/pgfcore.code.tex
Package: pgfcore 2023-01-15 v3.1.10 (3.1.10)

(/usr/local/share/miktex-texmf/tex/generic/pgf/math/pgfmath.code.tex
(/usr/local/share/miktex-texmf/tex/generic/pgf/math/pgfmathutil.code.tex)
(/usr/local/share/miktex-texmf/tex/generic/pgf/math/pgfmathparser.code.tex
\pgfmath@dimen=\dimen262
\pgfmath@count=\count335
\pgfmath@box=\box109
\pgfmath@toks=\toks37
\pgfmath@stack@operand=\toks38
\pgfmath@stack@operation=\toks39
)
(/usr/local/share/miktex-texmf/tex/generic/pgf/math/pgfmathfunctions.code.tex)
(/usr/local/share/miktex-texmf/tex/generic/pgf/math/pgfmathfunctions.basic.code
.tex)
(/usr/local/share/miktex-texmf/tex/generic/pgf/math/pgfmathfunctions.trigonomet
ric.code.tex)
(/usr/local/share/miktex-texmf/tex/generic/pgf/math/pgfmathfunctions.random.cod
e.tex)
(/usr/local/share/miktex-texmf/tex/generic/pgf/math/pgfmathfunctions.comparison
.code.tex)
(/usr/local/share/miktex-texmf/tex/generic/pgf/math/pgfmathfunctions.base.code.
tex)
(/usr/local/share/miktex-texmf/tex/generic/pgf/math/pgfmathfunctions.round.code
.tex)
(/usr/local/share/miktex-texmf/tex/generic/pgf/math/pgfmathfunctions.misc.code.
tex)
(/usr/local/share/miktex-texmf/tex/generic/pgf/math/pgfmathfunctions.integerari
thmetics.code.tex)
(/usr/local/share/miktex-texmf/tex/generic/pgf/math/pgfmathcalc.code.tex)
(/usr/local/share/miktex-texmf/tex/generic/pgf/math/pgfmathfloat.code.tex
\c@pgfmathroundto@lastzeros=\count336
))
(/usr/local/share/miktex-texmf/tex/generic/pgf/math/pgfint.code.tex)
(/usr/local/share/miktex-texmf/tex/generic/pgf/basiclayer/pgfcorepoints.code.te
x
File: pgfcorepoints.code.tex 2023-01-15 v3.1.10 (3.1.10)
\pgf@picminx=\dimen263
\pgf@picmaxx=\dimen264
\pgf@picminy=\dimen265
\pgf@picmaxy=\dimen266
\pgf@pathminx=\dimen267
\pgf@pathmaxx=\dimen268
\pgf@pathminy=\dimen269
\pgf@pathmaxy=\dimen270
\pgf@xx=\dimen271
\pgf@xy=\dimen272
\pgf@yx=\dimen273
\pgf@yy=\dimen274
\pgf@zx=\dimen275
\pgf@zy=\dimen276
)
(/usr/local/share/miktex-texmf/tex/generic/pgf/basiclayer/pgfcorepathconstruct.
code.tex
File: pgfcorepathconstruct.code.tex 2023-01-15 v3.1.10 (3.1.10)
\pgf@path@lastx=\dimen277
\pgf@path@lasty=\dimen278
)
(/usr/local/share/miktex-texmf/tex/generic/pgf/basiclayer/pgfcorepathusage.code
.tex
File: pgfcorepathusage.code.tex 2023-01-15 v3.1.10 (3.1.10)
\pgf@shorten@end@additional=\dimen279
\pgf@shorten@start@additional=\dimen280
)
(/usr/local/share/miktex-texmf/tex/generic/pgf/basiclayer/pgfcorescopes.code.te
x
File: pgfcorescopes.code.tex 2023-01-15 v3.1.10 (3.1.10)
\pgfpic=\box110
\pgf@hbox=\box111
\pgf@layerbox@main=\box112
\pgf@picture@serial@count=\count337
)
(/usr/local/share/miktex-texmf/tex/generic/pgf/basiclayer/pgfcoregraphicstate.c
ode.tex
File: pgfcoregraphicstate.code.tex 2023-01-15 v3.1.10 (3.1.10)
\pgflinewidth=\dimen281
)
(/usr/local/share/miktex-texmf/tex/generic/pgf/basiclayer/pgfcoretransformation
s.code.tex
File: pgfcoretransformations.code.tex 2023-01-15 v3.1.10 (3.1.10)
\pgf@pt@x=\dimen282
\pgf@pt@y=\dimen283
\pgf@pt@temp=\dimen284
)
(/usr/local/share/miktex-texmf/tex/generic/pgf/basiclayer/pgfcorequick.code.tex
File: pgfcorequick.code.tex 2023-01-15 v3.1.10 (3.1.10)
)
(/usr/local/share/miktex-texmf/tex/generic/pgf/basiclayer/pgfcoreobjects.code.t
ex
File: pgfcoreobjects.code.tex 2023-01-15 v3.1.10 (3.1.10)
)
(/usr/local/share/miktex-texmf/tex/generic/pgf/basiclayer/pgfcorepathprocessing
.code.tex
File: pgfcorepathprocessing.code.tex 2023-01-15 v3.1.10 (3.1.10)
)
(/usr/local/share/miktex-texmf/tex/generic/pgf/basiclayer/pgfcorearrows.code.te
x
File: pgfcorearrows.code.tex 2023-01-15 v3.1.10 (3.1.10)
\pgfarrowsep=\dimen285
)
(/usr/local/share/miktex-texmf/tex/generic/pgf/basiclayer/pgfcoreshade.code.tex
File: pgfcoreshade.code.tex 2023-01-15 v3.1.10 (3.1.10)
\pgf@max=\dimen286
\pgf@sys@shading@range@num=\count338
\pgf@shadingcount=\count339
)
(/usr/local/share/miktex-texmf/tex/generic/pgf/basiclayer/pgfcoreimage.code.tex
File: pgfcoreimage.code.tex 2023-01-15 v3.1.10 (3.1.10)
)
(/usr/local/share/miktex-texmf/tex/generic/pgf/basiclayer/pgfcoreexternal.code.
tex
File: pgfcoreexternal.code.tex 2023-01-15 v3.1.10 (3.1.10)
\pgfexternal@startupbox=\box113
)
(/usr/local/share/miktex-texmf/tex/generic/pgf/basiclayer/pgfcorelayers.code.te
x
File: pgfcorelayers.code.tex 2023-01-15 v3.1.10 (3.1.10)
)
(/usr/local/share/miktex-texmf/tex/generic/pgf/basiclayer/pgfcoretransparency.c
ode.tex
File: pgfcoretransparency.code.tex 2023-01-15 v3.1.10 (3.1.10)
)
(/usr/local/share/miktex-texmf/tex/generic/pgf/basiclayer/pgfcorepatterns.code.
tex
File: pgfcorepatterns.code.tex 2023-01-15 v3.1.10 (3.1.10)
)
(/usr/local/share/miktex-texmf/tex/generic/pgf/basiclayer/pgfcorerdf.code.tex
File: pgfcorerdf.code.tex 2023-01-15 v3.1.10 (3.1.10)
)))
(/usr/local/share/miktex-texmf/tex/generic/pgf/modules/pgfmoduleshapes.code.tex
File: pgfmoduleshapes.code.tex 2023-01-15 v3.1.10 (3.1.10)
\pgfnodeparttextbox=\box114
) (/usr/local/share/miktex-texmf/tex/generic/pgf/modules/pgfmoduleplot.code.tex
File: pgfmoduleplot.code.tex 2023-01-15 v3.1.10 (3.1.10)
)
(/usr/local/share/miktex-texmf/tex/latex/pgf/compatibility/pgfcomp-version-0-65
.sty
Package: pgfcomp-version-0-65 2023-01-15 v3.1.10 (3.1.10)
\pgf@nodesepstart=\dimen287
\pgf@nodesepend=\dimen288
)
(/usr/local/share/miktex-texmf/tex/latex/pgf/compatibility/pgfcomp-version-1-18
.sty
Package: pgfcomp-version-1-18 2023-01-15 v3.1.10 (3.1.10)
)) (/usr/local/share/miktex-texmf/tex/latex/tools/verbatim.sty
Package: verbatim 2022-07-02 v1.5u LaTeX2e package for verbatim enhancements
\every@verbatim=\toks40
\verbatim@line=\toks41
\verbatim@in@stream=\read5
)
(/usr/local/share/miktex-texmf/tex/latex/environ/environ.sty
Package: environ 2014/05/04 v0.3 A new way to define environments

(/usr/local/share/miktex-texmf/tex/latex/trimspaces/trimspaces.sty
Package: trimspaces 2009/09/17 v1.1 Trim spaces around a token list
)
\@envbody=\toks42
)
\tcb@titlebox=\box115
\tcb@upperbox=\box116
\tcb@lowerbox=\box117
\tcb@phantombox=\box118
\c@tcbbreakpart=\count340
\c@tcblayer=\count341
\c@tcolorbox@number=\count342
\tcb@temp=\box119
\tcb@temp=\box120
\tcb@temp=\box121
\tcb@temp=\box122

(/usr/local/share/miktex-texmf/tex/latex/tcolorbox/tcbraster.code.tex
Library (tcolorbox): 'tcbraster.code.tex' version '6.0.3'
\c@tcbrastercolumn=\count343
\c@tcbrasterrow=\count344
\c@tcbrasternum=\count345
\c@tcbraster=\count346
) (/usr/local/share/miktex-texmf/tex/latex/tcolorbox/tcbskins.code.tex
Library (tcolorbox): 'tcbskins.code.tex' version '6.0.3'
(/usr/local/share/miktex-texmf/tex/latex/pgf/frontendlayer/tikz.sty
(/usr/local/share/miktex-texmf/tex/latex/pgf/utilities/pgffor.sty
(/usr/local/share/miktex-texmf/tex/latex/pgf/utilities/pgfkeys.sty
(/usr/local/share/miktex-texmf/tex/generic/pgf/utilities/pgfkeys.code.tex))
(/usr/local/share/miktex-texmf/tex/latex/pgf/math/pgfmath.sty
(/usr/local/share/miktex-texmf/tex/generic/pgf/math/pgfmath.code.tex))
(/usr/local/share/miktex-texmf/tex/generic/pgf/utilities/pgffor.code.tex
Package: pgffor 2023-01-15 v3.1.10 (3.1.10)
\pgffor@iter=\dimen289
\pgffor@skip=\dimen290
\pgffor@stack=\toks43
\pgffor@toks=\toks44
))
(/usr/local/share/miktex-texmf/tex/generic/pgf/frontendlayer/tikz/tikz.code.tex
Package: tikz 2023-01-15 v3.1.10 (3.1.10)

(/usr/local/share/miktex-texmf/tex/generic/pgf/libraries/pgflibraryplothandlers
.code.tex
File: pgflibraryplothandlers.code.tex 2023-01-15 v3.1.10 (3.1.10)
\pgf@plot@mark@count=\count347
\pgfplotmarksize=\dimen291
)
\tikz@lastx=\dimen292
\tikz@lasty=\dimen293
\tikz@lastxsaved=\dimen294
\tikz@lastysaved=\dimen295
\tikz@lastmovetox=\dimen296
\tikz@lastmovetoy=\dimen297
\tikzleveldistance=\dimen298
\tikzsiblingdistance=\dimen299
\tikz@figbox=\box123
\tikz@figbox@bg=\box124
\tikz@tempbox=\box125
\tikz@tempbox@bg=\box126
\tikztreelevel=\count348
\tikznumberofchildren=\count349
\tikznumberofcurrentchild=\count350
\tikz@fig@count=\count351

(/usr/local/share/miktex-texmf/tex/generic/pgf/modules/pgfmodulematrix.code.tex
File: pgfmodulematrix.code.tex 2023-01-15 v3.1.10 (3.1.10)
\pgfmatrixcurrentrow=\count352
\pgfmatrixcurrentcolumn=\count353
\pgf@matrix@numberofcolumns=\count354
)
\tikz@expandcount=\count355

(/usr/local/share/miktex-texmf/tex/generic/pgf/frontendlayer/tikz/libraries/tik
zlibrarytopaths.code.tex
File: tikzlibrarytopaths.code.tex 2023-01-15 v3.1.10 (3.1.10)
)))
(/home/jcosson/.miktex/texmfs/install/tex/latex/tikzfill/tikzfill.image.sty
Package: tikzfill.image 2022/07/20 v1.0.0 Image filling library for TikZ

(/home/jcosson/.miktex/texmfs/install/tex/latex/tikzfill/tikzfill-common.sty
Package: tikzfill-common 2022/07/20 v1.0.0 Auxiliary code for tikzfill
)
(/home/jcosson/.miktex/texmfs/install/tex/latex/tikzfill/tikzlibraryfill.image.
code.tex
File: tikzlibraryfill.image.code.tex 2022/07/20 v1.0.0 Image filling library
\l__tikzfill_img_box=\box127
))
(/usr/local/share/miktex-texmf/tex/latex/tcolorbox/tcbskinsjigsaw.code.tex
Library (tcolorbox): 'tcbskinsjigsaw.code.tex' version '6.0.3'
)) (/usr/local/share/miktex-texmf/tex/latex/tcolorbox/tcbbreakable.code.tex
Library (tcolorbox): 'tcbbreakable.code.tex' version '6.0.3'
(/home/jcosson/.miktex/texmfs/install/tex/latex/pdfcol/pdfcol.sty
Package: pdfcol 2022-09-21 v1.7 Handle new color stacks for pdfTeX (HO)
)
Package pdfcol Info: New color stack `tcb@breakable' = 1 on input line 23.
\tcb@testbox=\box128
\tcb@totalupperbox=\box129
\tcb@totallowerbox=\box130
)
(/usr/local/share/miktex-texmf/tex/latex/tcolorbox/tcbhooks.code.tex
Library (tcolorbox): 'tcbhooks.code.tex' version '6.0.3'
) (/usr/local/share/miktex-texmf/tex/latex/tcolorbox/tcbtheorems.code.tex
Library (tcolorbox): 'tcbtheorems.code.tex' version '6.0.3'
(/usr/local/share/miktex-texmf/tex/latex/amsmath/amsmath.sty
Package: amsmath 2022/04/08 v2.17n AMS math features
\@mathmargin=\skip77

For additional information on amsmath, use the `?' option.
(/usr/local/share/miktex-texmf/tex/latex/amsmath/amstext.sty
Package: amstext 2021/08/26 v2.01 AMS text

(/usr/local/share/miktex-texmf/tex/latex/amsmath/amsgen.sty
File: amsgen.sty 1999/11/30 v2.0 generic functions
\@emptytoks=\toks45
\ex@=\dimen300
))
(/usr/local/share/miktex-texmf/tex/latex/amsmath/amsbsy.sty
Package: amsbsy 1999/11/29 v1.2d Bold Symbols
\pmbraise@=\dimen301
)
(/usr/local/share/miktex-texmf/tex/latex/amsmath/amsopn.sty
Package: amsopn 2022/04/08 v2.04 operator names
)
\inf@bad=\count356
LaTeX Info: Redefining \frac on input line 234.
\uproot@=\count357
\leftroot@=\count358
LaTeX Info: Redefining \overline on input line 399.
LaTeX Info: Redefining \colon on input line 410.
\classnum@=\count359
\DOTSCASE@=\count360
LaTeX Info: Redefining \ldots on input line 496.
LaTeX Info: Redefining \dots on input line 499.
LaTeX Info: Redefining \cdots on input line 620.
\Mathstrutbox@=\box131
\strutbox@=\box132
LaTeX Info: Redefining \big on input line 722.
LaTeX Info: Redefining \Big on input line 723.
LaTeX Info: Redefining \bigg on input line 724.
LaTeX Info: Redefining \Bigg on input line 725.
\big@size=\dimen302
LaTeX Font Info:    Redeclaring font encoding OML on input line 743.
LaTeX Font Info:    Redeclaring font encoding OMS on input line 744.
\macc@depth=\count361
LaTeX Info: Redefining \bmod on input line 905.
LaTeX Info: Redefining \pmod on input line 910.
LaTeX Info: Redefining \smash on input line 940.
LaTeX Info: Redefining \relbar on input line 970.
LaTeX Info: Redefining \Relbar on input line 971.
\c@MaxMatrixCols=\count362
\dotsspace@=\muskip17
\c@parentequation=\count363
\dspbrk@lvl=\count364
\tag@help=\toks46
\row@=\count365
\column@=\count366
\maxfields@=\count367
\andhelp@=\toks47
\eqnshift@=\dimen303
\alignsep@=\dimen304
\tagshift@=\dimen305
\tagwidth@=\dimen306
\totwidth@=\dimen307
\lineht@=\dimen308
\@envbody=\toks48
\multlinegap=\skip78
\multlinetaggap=\skip79
\mathdisplay@stack=\toks49
LaTeX Info: Redefining \[ on input line 2953.
LaTeX Info: Redefining \] on input line 2954.
))
(/usr/local/share/miktex-texmf/tex/latex/tcolorbox/tcbfitting.code.tex
Library (tcolorbox): 'tcbfitting.code.tex' version '6.0.3'
\tcbfitdim=\dimen309
\tcb@lowerfitdim=\dimen310
\tcb@upperfitdim=\dimen311
\tcb@cur@hbadness=\count368
) (/usr/local/share/miktex-texmf/tex/latex/tcolorbox/tcblistingsutf8.code.tex
Library (tcolorbox): 'tcblistingsutf8.code.tex' version '6.0.3'
(/usr/local/share/miktex-texmf/tex/latex/tcolorbox/tcblistings.code.tex
Library (tcolorbox): 'tcblistings.code.tex' version '6.0.3'
(/usr/local/share/miktex-texmf/tex/latex/tcolorbox/tcblistingscore.code.tex
Library (tcolorbox): 'tcblistingscore.code.tex' version '6.0.3'
(/usr/local/share/miktex-texmf/tex/latex/tcolorbox/tcbprocessing.code.tex
Library (tcolorbox): 'tcbprocessing.code.tex' version '6.0.3'
(/usr/local/share/miktex-texmf/tex/latex/tools/shellesc.sty
Package: shellesc 2019/11/08 v1.0c unified shell escape interface for LaTeX
Package shellesc Info: Restricted shell escape enabled on input line 77.
))
\c@tcblisting=\count369
))
(/home/jcosson/.miktex/texmfs/install/tex/latex/listingsutf8/listingsutf8.sty
Package: listingsutf8 2019-12-10 v1.5 Allow UTF-8 in listings input (HO)

(/home/jcosson/.miktex/texmfs/install/tex/generic/stringenc/stringenc.sty
Package: stringenc 2019/11/29 v1.12 Convert strings between diff. encodings (HO
)
)))
(/usr/local/share/miktex-texmf/tex/latex/tcolorbox/tcbexternal.code.tex
Library (tcolorbox): 'tcbexternal.code.tex' version '6.0.3'
) (/usr/local/share/miktex-texmf/tex/latex/tcolorbox/tcbmagazine.code.tex
Library (tcolorbox): 'tcbmagazine.code.tex' version '6.0.3'
) (/usr/local/share/miktex-texmf/tex/latex/tcolorbox/tcbvignette.code.tex
Library (tcolorbox): 'tcbvignette.code.tex' version '6.0.3'

(/usr/local/share/miktex-texmf/tex/generic/pgf/frontendlayer/tikz/libraries/tik
zlibraryfadings.code.tex
File: tikzlibraryfadings.code.tex 2023-01-15 v3.1.10 (3.1.10)

(/usr/local/share/miktex-texmf/tex/generic/pgf/libraries/pgflibraryfadings.code
.tex
File: pgflibraryfadings.code.tex 2023-01-15 v3.1.10 (3.1.10)
))) (/usr/local/share/miktex-texmf/tex/latex/tcolorbox/tcbposter.code.tex
Library (tcolorbox): 'tcbposter.code.tex' version '6.0.3'
)) (/home/jcosson/.miktex/texmfs/install/tex/latex/booktabs/booktabs.sty
Package: booktabs 2020/01/12 v1.61803398 Publication quality tables
\heavyrulewidth=\dimen312
\lightrulewidth=\dimen313
\cmidrulewidth=\dimen314
\belowrulesep=\dimen315
\belowbottomsep=\dimen316
\aboverulesep=\dimen317
\abovetopsep=\dimen318
\cmidrulesep=\dimen319
\cmidrulekern=\dimen320
\defaultaddspace=\dimen321
\@cmidla=\count370
\@cmidlb=\count371
\@aboverulesep=\dimen322
\@belowrulesep=\dimen323
\@thisruleclass=\count372
\@lastruleclass=\count373
\@thisrulewidth=\dimen324
)
(/home/jcosson/.miktex/texmfs/install/tex/latex/appendix/appendix.sty
Package: appendix 2020/02/08 v1.2c extra appendix facilities
\c@@pps=\count374
\c@@ppsavesec=\count375
\c@@ppsaveapp=\count376
)
(/home/jcosson/.miktex/texmfs/install/tex/latex/dirtytalk/dirtytalk.sty
Package: dirtytalk 2010/11/21 A package making "quoting" easier
\c@dirtytalk@qdepth=\count377
)
(/usr/local/share/miktex-texmf/tex/generic/pgf/frontendlayer/tikz/libraries/tik
zlibrarycalc.code.tex
File: tikzlibrarycalc.code.tex 2023-01-15 v3.1.10 (3.1.10)
)
(/usr/local/share/miktex-texmf/tex/generic/pgf/frontendlayer/tikz/libraries/tik
zlibrarypatterns.code.tex
File: tikzlibrarypatterns.code.tex 2023-01-15 v3.1.10 (3.1.10)

(/usr/local/share/miktex-texmf/tex/generic/pgf/libraries/pgflibrarypatterns.cod
e.tex
File: pgflibrarypatterns.code.tex 2023-01-15 v3.1.10 (3.1.10)
))
(/usr/local/share/miktex-texmf/tex/generic/pgf/frontendlayer/tikz/libraries/tik
zlibraryshapes.geometric.code.tex
File: tikzlibraryshapes.geometric.code.tex 2023-01-15 v3.1.10 (3.1.10)

(/usr/local/share/miktex-texmf/tex/generic/pgf/libraries/shapes/pgflibraryshape
s.geometric.code.tex
File: pgflibraryshapes.geometric.code.tex 2023-01-15 v3.1.10 (3.1.10)
))
(/usr/local/share/miktex-texmf/tex/generic/pgf/frontendlayer/tikz/libraries/tik
zlibraryarrows.code.tex
File: tikzlibraryarrows.code.tex 2023-01-15 v3.1.10 (3.1.10)

(/usr/local/share/miktex-texmf/tex/generic/pgf/libraries/pgflibraryarrows.code.
tex
File: pgflibraryarrows.code.tex 2023-01-15 v3.1.10 (3.1.10)
\arrowsize=\dimen325
))
(/usr/local/share/miktex-texmf/tex/generic/pgf/libraries/pgflibraryarrows.meta.
code.tex
File: pgflibraryarrows.meta.code.tex 2023-01-15 v3.1.10 (3.1.10)
\pgfarrowinset=\dimen326
\pgfarrowlength=\dimen327
\pgfarrowwidth=\dimen328
\pgfarrowlinewidth=\dimen329
)
(/usr/local/share/miktex-texmf/tex/generic/pgf/frontendlayer/tikz/libraries/tik
zlibrarypositioning.code.tex
File: tikzlibrarypositioning.code.tex 2023-01-15 v3.1.10 (3.1.10)
)
(/home/jcosson/.miktex/texmfs/install/tex/latex/natbib/natbib.sty
Package: natbib 2010/09/13 8.31b (PWD, AO)
\bibhang=\skip80
\bibsep=\skip81
LaTeX Info: Redefining \cite on input line 694.
\c@NAT@ctr=\count378
)
(/home/jcosson/.miktex/texmfs/install/tex/latex/csvsimple/csvsimple.sty
Package: csvsimple 2023/05/09 v2.4.0 LaTeX CSV file processing
)
(/home/jcosson/.miktex/texmfs/install/tex/latex/csvsimple/csvsimple-l3.sty
Package: csvsimple-l3 2023/05/09 v2.4.0 LaTeX3 CSV file processing
\g__csvsim_col_int=\count379
\g__csvsim_colmax_int=\count380
\g_csvsim_inputline_int=\count381
\g_csvsim_row_int=\count382
\g_csvsim_columncount_int=\count383
)
(/home/jcosson/.miktex/texmfs/install/tex/latex/cellspace/cellspace.sty
Package: cellspace 2022/01/04 v1.9.0 Spacing table cells (JN)

(/usr/local/share/miktex-texmf/tex/latex/xkeyval/xkeyval.sty
Package: xkeyval 2022/06/16 v2.9 package option processing (HA)

(/usr/local/share/miktex-texmf/tex/generic/xkeyval/xkeyval.tex
(/usr/local/share/miktex-texmf/tex/generic/xkeyval/xkvutils.tex
\XKV@toks=\toks50
\XKV@tempa@toks=\toks51
)
\XKV@depth=\count384
File: xkeyval.tex 2014/12/03 v2.7a key=value parser (HA)
))
\cellspacetoplimit=\dimen330
\cellspacebottomlimit=\dimen331
\cellspace@firstht=\dimen332
\cellspace@lastdp=\dimen333
)
(/usr/local/share/miktex-texmf/tex/latex/tools/longtable.sty
Package: longtable 2021-09-01 v4.17 Multi-page Table package (DPC)
\LTleft=\skip82
\LTright=\skip83
\LTpre=\skip84
\LTpost=\skip85
\LTchunksize=\count385
\LTcapwidth=\dimen334
\LT@head=\box133
\LT@firsthead=\box134
\LT@foot=\box135
\LT@lastfoot=\box136
\LT@gbox=\box137
\LT@cols=\count386
\LT@rows=\count387
\c@LT@tables=\count388
\c@LT@chunks=\count389
\LT@p@ftn=\toks52
)
Class scrreprt Info: longtable captions redefined on input line 53.

(/usr/local/share/miktex-texmf/tex/latex/tools/tabularx.sty
Package: tabularx 2020/01/15 v2.11c `tabularx' package (DPC)
\TX@col@width=\dimen335
\TX@old@table=\dimen336
\TX@old@col=\dimen337
\TX@target=\dimen338
\TX@delta=\dimen339
\TX@cols=\count390
\TX@ftn=\toks53
)
(/home/jcosson/.miktex/texmfs/install/tex/latex/algorithms/algorithm.sty
Package: algorithm 2009/08/24 v0.1 Document Style `algorithm' - floating enviro
nment

(/home/jcosson/.miktex/texmfs/install/tex/latex/float/float.sty
Package: float 2001/11/08 v1.3d Float enhancements (AL)
\c@float@type=\count391
\float@exts=\toks54
\float@box=\box138
\@float@everytoks=\toks55
\@floatcapt=\box139
)
\@float@every@algorithm=\toks56
\c@algorithm=\count392
)
(/home/jcosson/.miktex/texmfs/install/tex/latex/algorithmicx/algpseudocode.sty
Package: algpseudocode 

(/home/jcosson/.miktex/texmfs/install/tex/latex/algorithmicx/algorithmicx.sty
Package: algorithmicx 2005/04/27 v1.2 Algorithmicx

Document Style algorithmicx 1.2 - a greatly improved `algorithmic' style
\c@ALG@line=\count393
\c@ALG@rem=\count394
\c@ALG@nested=\count395
\ALG@tlm=\skip86
\ALG@thistlm=\skip87
\c@ALG@Lnr=\count396
\c@ALG@blocknr=\count397
\c@ALG@storecount=\count398
\c@ALG@tmpcounter=\count399
\ALG@tmplength=\skip88
)
Document Style - pseudocode environments for use with the `algorithmicx' style
) (/home/jcosson/.miktex/texmfs/install/tex/latex/mathtools/mathtools.sty
Package: mathtools 2022/06/29 v1.29 mathematical typesetting tools

(/home/jcosson/.miktex/texmfs/install/tex/latex/mathtools/mhsetup.sty
Package: mhsetup 2021/03/18 v1.4 programming setup (MH)
)
\g_MT_multlinerow_int=\count400
\l_MT_multwidth_dim=\dimen340
\origjot=\skip89
\l_MT_shortvdotswithinadjustabove_dim=\dimen341
\l_MT_shortvdotswithinadjustbelow_dim=\dimen342
\l_MT_above_intertext_sep=\dimen343
\l_MT_below_intertext_sep=\dimen344
\l_MT_above_shortintertext_sep=\dimen345
\l_MT_below_shortintertext_sep=\dimen346
\xmathstrut@box=\box140
\xmathstrut@dim=\dimen347
)
(/usr/local/share/miktex-texmf/tex/latex/amsfonts/amsfonts.sty
Package: amsfonts 2013/01/14 v3.01 Basic AMSFonts support
\symAMSa=\mathgroup4
\symAMSb=\mathgroup5
LaTeX Font Info:    Redeclaring math symbol \hbar on input line 98.
LaTeX Font Info:    Overwriting math alphabet `\mathfrak' in version `bold'
(Font)                  U/euf/m/n --> U/euf/b/n on input line 106.
)
(/home/jcosson/.miktex/texmfs/install/tex/latex/layouts/layouts.sty
Package: layouts 2009/09/02 v2.6d graphical depiction of document elements
\l@ylen=\skip90
\layoutsbox=\box141
\l@youtunitlength=\skip91
\l@youtlinethick=\skip92
\l@youtlinethickii=\skip93
\l@ysetupparskip=\skip94
\l@ysetupbaselineskip=\skip95
\l@yonem=\skip96
\l@yonex=\skip97
\l@ylmarg=\skip98
\l@yrmarg=\skip99
\l@yitmindent=\skip100
\l@ylblwidth=\skip101
\l@ylblsep=\skip102
\l@ylparindent=\skip103
\l@ytsep=\skip104
\l@ypskip=\skip105
\l@yptsep=\skip106
\l@ypsep=\skip107
\l@yitmsep=\skip108
\l@ytok=\toks57
\l@youtpw=\count401
\l@youtph=\count402
\l@youthpi=\count403
\l@youthpii=\count404
\l@youthpiii=\count405
\l@youthpiv=\count406
\l@youthpv=\count407
\l@youthpvi=\count408
\l@youthpvii=\count409
\l@youtparskip=\count410
\l@youtvpi=\count411
\l@youtvpii=\count412
\l@youtvpiii=\count413
\l@youtvpiv=\count414
\l@youtvpv=\count415
\l@youtvpvi=\count416
\l@youtvpvii=\count417
\l@youthdo=\count418
\l@youthdi=\count419
\l@youthdii=\count420
\l@youthdiii=\count421
\l@youthdiv=\count422
\l@youthdv=\count423
\l@youthdvi=\count424
\l@youthdvii=\count425
\l@youtvdo=\count426
\l@youtvdi=\count427
\l@youtvdii=\count428
\l@youtvdiii=\count429
\l@youtvdiv=\count430
\l@youtvdv=\count431
\l@youtvdvi=\count432
\l@youtvdvii=\count433
\l@youtvdviii=\count434
\l@youtxci=\count435
\l@youtxcii=\count436
\l@youtxciii=\count437
\l@youtxciv=\count438
\l@youtxcv=\count439
\l@youtxcvi=\count440
\l@youtyci=\count441
\l@youtycii=\count442
\l@youtyciii=\count443
\l@youtyciv=\count444
\l@youtycv=\count445
\l@youtycvi=\count446
\l@youtycvii=\count447
\l@youtycviii=\count448
\l@youtxco=\count449
\l@youtyco=\count450
\l@ytempdima=\skip109
\trimedge=\skip110
\trimtop=\skip111
\uppermargin=\skip112
\spinemargin=\skip113
)

Class scrreprt Warning: Usage of package `fancyhdr' together
(scrreprt)              with a KOMA-Script class is not recommended.
(scrreprt)              I'd suggest to use 
(scrreprt)              package `scrlayer' or `scrlayer-scrpage', because
(scrreprt)              they support KOMA-Script classes.
(scrreprt)              With `fancyhdr' several features of class `scrreprt'
(scrreprt)              like options `headsepline', `footsepline' or command
(scrreprt)              `\MakeMarkcase' and the commands `\setkomafont' and
(scrreprt)              `\addtokomafont' for the page style elements need
(scrreprt)              explicite user intervention to work.
(scrreprt)              Nevertheless, using requested
(scrreprt)              package `fancyhdr' on input line 68.

(/home/jcosson/.miktex/texmfs/install/tex/latex/fancyhdr/fancyhdr.sty
Package: fancyhdr 2022/11/09 v4.1 Extensive control of page headers and footers

\f@nch@headwidth=\skip114
\f@nch@O@elh=\skip115
\f@nch@O@erh=\skip116
\f@nch@O@olh=\skip117
\f@nch@O@orh=\skip118
\f@nch@O@elf=\skip119
\f@nch@O@erf=\skip120
\f@nch@O@olf=\skip121
\f@nch@O@orf=\skip122
)
(eps-to-pdf.aux)
\openout1 = `eps-to-pdf.aux'.

LaTeX Font Info:    Checking defaults for OML/cmm/m/it on input line 77.
LaTeX Font Info:    ... okay on input line 77.
LaTeX Font Info:    Checking defaults for OMS/cmsy/m/n on input line 77.
LaTeX Font Info:    ... okay on input line 77.
LaTeX Font Info:    Checking defaults for OT1/cmr/m/n on input line 77.
LaTeX Font Info:    ... okay on input line 77.
LaTeX Font Info:    Checking defaults for T1/cmr/m/n on input line 77.
LaTeX Font Info:    ... okay on input line 77.
LaTeX Font Info:    Checking defaults for TS1/cmr/m/n on input line 77.
LaTeX Font Info:    ... okay on input line 77.
LaTeX Font Info:    Checking defaults for OMX/cmex/m/n on input line 77.
LaTeX Font Info:    ... okay on input line 77.
LaTeX Font Info:    Checking defaults for U/cmr/m/n on input line 77.
LaTeX Font Info:    ... okay on input line 77.
LaTeX Font Info:    Checking defaults for PD1/pdf/m/n on input line 77.
LaTeX Font Info:    ... okay on input line 77.
LaTeX Font Info:    Checking defaults for PU/pdf/m/n on input line 77.
LaTeX Font Info:    ... okay on input line 77.
Package scrbase Info: activating english \abstractname on input line 77.
Package scrbase Info: activating english \partname on input line 77.
Package scrbase Info: activating english \chaptername on input line 77.
Package scrbase Info: activating english \appendixname on input line 77.
Package scrbase Info: activating english \figurename on input line 77.
Package scrbase Info: activating english \tablename on input line 77.
Package scrbase Info: activating english \contentsname on input line 77.
Package scrbase Info: activating english \listfigurename on input line 77.
Package scrbase Info: activating english \listtablename on input line 77.
Package scrbase Info: activating english \bibname on input line 77.
Package scrbase Info: activating english \indexname on input line 77.

(/home/jcosson/.miktex/texmfs/install/tex/latex/ucs/ucsencs.def
File: ucsencs.def 2011/01/21 Fixes to fontencodings LGR, T3
)
Package hyperref Info: Link coloring OFF on input line 77.

(eps-to-pdf.out) (eps-to-pdf.out)
\@outlinefile=\write4
\openout4 = `eps-to-pdf.out'.

Class scrreprt Info: loading recommended package `bookmark'.
(scrreprt)           Using `bookmark' together with `hyperref' is recommended,
(scrreprt)           because of handling of possible bookmark level gaps.
(scrreprt)           You can avoid loading `bookmark' with KOMA-Script option
(scrreprt)           `bookmarkpackage=false' before \begin{document} and
(scrreprt)           you can avoid this message adding:
(scrreprt)             \usepackage{bookmark}
(scrreprt)           before \begin{document} on input line 77.

(/home/jcosson/.miktex/texmfs/install/tex/latex/bookmark/bookmark.sty
Package: bookmark 2020-11-06 v1.29 PDF bookmarks (HO)

(/home/jcosson/.miktex/texmfs/install/tex/latex/bookmark/bkm-pdftex.def
File: bkm-pdftex.def 2020-11-06 v1.29 bookmark driver for pdfTeX (HO)
\BKM@id=\count451
))
(/usr/local/share/miktex-texmf/tex/context/base/mkii/supp-pdf.mkii
[Loading MPS to PDF converter (version 2006.09.02).]
\scratchcounter=\count452
\scratchdimen=\dimen348
\scratchbox=\box142
\nofMPsegments=\count453
\nofMParguments=\count454
\everyMPshowfont=\toks58
\MPscratchCnt=\count455
\MPscratchDim=\dimen349
\MPnumerator=\count456
\makeMPintoPDFobject=\count457
\everyMPtoPDFconversion=\toks59
)
Package caption Info: Begin \AtBeginDocument code.
Package caption Info: float package is loaded.
Package caption Info: listings package is loaded.
Package caption Info: longtable package is loaded.
 (/home/jcosson/.miktex/texmfs/install/tex/latex/caption/ltcaption.sty
Package: ltcaption 2021/01/08 v1.4c longtable captions (AR)
)
Package caption Info: End \AtBeginDocument code.
Package newfloat Info: `float' package detected.
\c@lstlisting=\count458

(/home/jcosson/.miktex/texmfs/install/tex/latex/pdflscape/pdflscape.sty
Package: pdflscape 2022-10-27 v0.13 Display of landscape pages in PDF

(/home/jcosson/.miktex/texmfs/install/tex/latex/pdflscape/pdflscape-nometadata.
sty
Package: pdflscape-nometadata 2022-10-28 v0.13 Display of landscape pages in PD
F (HO)
Package pdflscape Info: Auto-detected driver: pdftex on input line 81.
))
*geometry* driver: auto-detecting
*geometry* detected driver: pdftex
*geometry* verbose mode - [ preamble ] result:
* driver: pdftex
* paper: a4paper
* layout: <same size as paper>
* layoutoffset:(h,v)=(0.0pt,0.0pt)
* modes: twoside 
* h-part:(L,W,R)=(113.81102pt, 412.56497pt, 71.13188pt)
* v-part:(T,H,B)=(113.81102pt, 631.65118pt, 99.58464pt)
* \paperwidth=597.50787pt
* \paperheight=845.04684pt
* \textwidth=412.56497pt
* \textheight=631.65118pt
* \oddsidemargin=41.54103pt
* \evensidemargin=-1.1381pt
* \topmargin=1.66603pt
* \headheight=18.125pt
* \headsep=21.75pt
* \topskip=12.0pt
* \footskip=50.75pt
* \marginparwidth=74.68849pt
* \marginparsep=12.8401pt
* \columnsep=10.0pt
* \skip\footins=10.8pt plus 4.0pt minus 2.0pt
* \hoffset=0.0pt
* \voffset=0.0pt
* \mag=1000
* \@twocolumnfalse
* \@twosidetrue
* \@mparswitchtrue
* \@reversemarginfalse
* (1in=72.27pt=25.4mm, 1cm=28.453pt)


Package layouts Warning: Layout scale set to 0.5 on input line 77.

Package epstopdf Info: Source file: <62_primal_modef_partial_zoom.eps>
(epstopdf)                    date: 2023-07-31 17:46:23
(epstopdf)                    size: 27242 bytes
(epstopdf)             Output file: <62_primal_modef_partial_zoom-eps-converted
-to.pdf>
(epstopdf)                    date: 2023-08-01 10:38:35
(epstopdf)                    size: 8525 bytes
(epstopdf)             Command: <miktex-epstopdf --outfile=62_primal_modef_part
ial_zoom-eps-converted-to.pdf 62_primal_modef_partial_zoom.eps>
(epstopdf)             \includegraphics on input line 80.
Package epstopdf Info: Output file is already uptodate.


pdfTeX warning: pdflatex (file ./62_primal_modef_partial_zoom-eps-converted-to.
pdf): PDF inclusion: found PDF version <1.7>, but at most version <1.5> allowed

<62_primal_modef_partial_zoom-eps-converted-to.pdf, id=42, 361.35pt x 252.945pt
>
File: 62_primal_modef_partial_zoom-eps-converted-to.pdf Graphic file (type pdf)

<use 62_primal_modef_partial_zoom-eps-converted-to.pdf>
Package pdftex.def Info: 62_primal_modef_partial_zoom-eps-converted-to.pdf  use
d on input line 80.
(pdftex.def)             Requested size: 361.34912pt x 252.94438pt.
Package epstopdf Info: Source file: <14_primal_modef_partial.eps>
(epstopdf)                    date: 2023-07-31 17:45:01
(epstopdf)                    size: 33917 bytes
(epstopdf)             Output file: <14_primal_modef_partial-eps-converted-to.p
df>
(epstopdf)                    date: 2023-08-01 10:38:35
(epstopdf)                    size: 13564 bytes
(epstopdf)             Command: <miktex-epstopdf --outfile=14_primal_modef_part
ial-eps-converted-to.pdf 14_primal_modef_partial.eps>
(epstopdf)             \includegraphics on input line 81.
Package epstopdf Info: Output file is already uptodate.


pdfTeX warning: pdflatex (file ./14_primal_modef_partial-eps-converted-to.pdf):
 PDF inclusion: found PDF version <1.7>, but at most version <1.5> allowed
<14_primal_modef_partial-eps-converted-to.pdf, id=43, 361.35pt x 252.945pt>
File: 14_primal_modef_partial-eps-converted-to.pdf Graphic file (type pdf)
<use 14_primal_modef_partial-eps-converted-to.pdf>
Package pdftex.def Info: 14_primal_modef_partial-eps-converted-to.pdf  used on 
input line 81.
(pdftex.def)             Requested size: 361.34912pt x 252.94438pt.
Package epstopdf Info: Source file: <14_primal_modef_partial_zoom.eps>
(epstopdf)                    date: 2023-07-31 17:47:43
(epstopdf)                    size: 28119 bytes
(epstopdf)             Output file: <14_primal_modef_partial_zoom-eps-converted
-to.pdf>
(epstopdf)             Command: <miktex-epstopdf --outfile=14_primal_modef_part
ial_zoom-eps-converted-to.pdf 14_primal_modef_partial_zoom.eps>
(epstopdf)             \includegraphics on input line 82.
runsystem(miktex-epstopdf --outfile=14_primal_modef_partial_zoom-eps-converted-
to.pdf 14_primal_modef_partial_zoom.eps)...executed safely (allowed).

Package epstopdf Info: Result file: <14_primal_modef_partial_zoom-eps-converted
-to.pdf>
(epstopdf)                    date: 2023-08-03 12:44:34
(epstopdf)                    size: 9345 bytes.


pdfTeX warning: pdflatex (file ./14_primal_modef_partial_zoom-eps-converted-to.
pdf): PDF inclusion: found PDF version <1.7>, but at most version <1.5> allowed

<14_primal_modef_partial_zoom-eps-converted-to.pdf, id=44, 361.35pt x 252.945pt
>
File: 14_primal_modef_partial_zoom-eps-converted-to.pdf Graphic file (type pdf)

<use 14_primal_modef_partial_zoom-eps-converted-to.pdf>
Package pdftex.def Info: 14_primal_modef_partial_zoom-eps-converted-to.pdf  use
d on input line 82.
(pdftex.def)             Requested size: 361.34912pt x 252.94438pt.
Package epstopdf Info: Source file: <15_primal_modef_partial.eps>
(epstopdf)                    date: 2023-07-31 17:44:32
(epstopdf)                    size: 32940 bytes
(epstopdf)             Output file: <15_primal_modef_partial-eps-converted-to.p
df>
(epstopdf)                    date: 2023-08-01 10:38:35
(epstopdf)                    size: 13765 bytes
(epstopdf)             Command: <miktex-epstopdf --outfile=15_primal_modef_part
ial-eps-converted-to.pdf 15_primal_modef_partial.eps>
(epstopdf)             \includegraphics on input line 83.
Package epstopdf Info: Output file is already uptodate.


pdfTeX warning: pdflatex (file ./15_primal_modef_partial-eps-converted-to.pdf):
 PDF inclusion: found PDF version <1.7>, but at most version <1.5> allowed
<15_primal_modef_partial-eps-converted-to.pdf, id=45, 361.35pt x 252.945pt>
File: 15_primal_modef_partial-eps-converted-to.pdf Graphic file (type pdf)
<use 15_primal_modef_partial-eps-converted-to.pdf>
Package pdftex.def Info: 15_primal_modef_partial-eps-converted-to.pdf  used on 
input line 83.
(pdftex.def)             Requested size: 361.34912pt x 252.94438pt.
Package epstopdf Info: Source file: <62_primal_modef_partial.eps>
(epstopdf)                    date: 2023-07-31 17:43:19
(epstopdf)                    size: 33818 bytes
(epstopdf)             Output file: <62_primal_modef_partial-eps-converted-to.p
df>
(epstopdf)                    date: 2023-08-01 10:38:36
(epstopdf)                    size: 13037 bytes
(epstopdf)             Command: <miktex-epstopdf --outfile=62_primal_modef_part
ial-eps-converted-to.pdf 62_primal_modef_partial.eps>
(epstopdf)             \includegraphics on input line 84.
Package epstopdf Info: Output file is already uptodate.


pdfTeX warning: pdflatex (file ./62_primal_modef_partial-eps-converted-to.pdf):
 PDF inclusion: found PDF version <1.7>, but at most version <1.5> allowed
<62_primal_modef_partial-eps-converted-to.pdf, id=46, 361.35pt x 252.945pt>
File: 62_primal_modef_partial-eps-converted-to.pdf Graphic file (type pdf)
<use 62_primal_modef_partial-eps-converted-to.pdf>
Package pdftex.def Info: 62_primal_modef_partial-eps-converted-to.pdf  used on 
input line 84.
(pdftex.def)             Requested size: 361.34912pt x 252.94438pt.
Package epstopdf Info: Source file: <13_primal_modef_partial.eps>
(epstopdf)                    date: 2023-07-31 17:40:33
(epstopdf)                    size: 27309 bytes
(epstopdf)             Output file: <13_primal_modef_partial-eps-converted-to.p
df>
(epstopdf)                    date: 2023-08-01 10:38:36
(epstopdf)                    size: 9490 bytes
(epstopdf)             Command: <miktex-epstopdf --outfile=13_primal_modef_part
ial-eps-converted-to.pdf 13_primal_modef_partial.eps>
(epstopdf)             \includegraphics on input line 85.
Package epstopdf Info: Output file is already uptodate.


pdfTeX warning: pdflatex (file ./13_primal_modef_partial-eps-converted-to.pdf):
 PDF inclusion: found PDF version <1.7>, but at most version <1.5> allowed
<13_primal_modef_partial-eps-converted-to.pdf, id=47, 361.35pt x 252.945pt>
File: 13_primal_modef_partial-eps-converted-to.pdf Graphic file (type pdf)
<use 13_primal_modef_partial-eps-converted-to.pdf>
Package pdftex.def Info: 13_primal_modef_partial-eps-converted-to.pdf  used on 
input line 85.
(pdftex.def)             Requested size: 361.34912pt x 252.94438pt.
Package epstopdf Info: Source file: <13_primal_modef_partial_zoom.eps>
(epstopdf)                    date: 2023-07-31 17:40:33
(epstopdf)                    size: 27037 bytes
(epstopdf)             Output file: <13_primal_modef_partial_zoom-eps-converted
-to.pdf>
(epstopdf)                    date: 2023-08-01 10:38:36
(epstopdf)                    size: 8557 bytes
(epstopdf)             Command: <miktex-epstopdf --outfile=13_primal_modef_part
ial_zoom-eps-converted-to.pdf 13_primal_modef_partial_zoom.eps>
(epstopdf)             \includegraphics on input line 86.
Package epstopdf Info: Output file is already uptodate.


pdfTeX warning: pdflatex (file ./13_primal_modef_partial_zoom-eps-converted-to.
pdf): PDF inclusion: found PDF version <1.7>, but at most version <1.5> allowed

<13_primal_modef_partial_zoom-eps-converted-to.pdf, id=48, 361.35pt x 252.945pt
>
File: 13_primal_modef_partial_zoom-eps-converted-to.pdf Graphic file (type pdf)

<use 13_primal_modef_partial_zoom-eps-converted-to.pdf>
Package pdftex.def Info: 13_primal_modef_partial_zoom-eps-converted-to.pdf  use
d on input line 86.
(pdftex.def)             Requested size: 361.34912pt x 252.94438pt.
Package epstopdf Info: Source file: <12_primal_modef_partial.eps>
(epstopdf)                    date: 2023-07-31 17:40:33
(epstopdf)                    size: 34560 bytes
(epstopdf)             Output file: <12_primal_modef_partial-eps-converted-to.p
df>
(epstopdf)                    date: 2023-08-01 10:38:37
(epstopdf)                    size: 14581 bytes
(epstopdf)             Command: <miktex-epstopdf --outfile=12_primal_modef_part
ial-eps-converted-to.pdf 12_primal_modef_partial.eps>
(epstopdf)             \includegraphics on input line 87.
Package epstopdf Info: Output file is already uptodate.


pdfTeX warning: pdflatex (file ./12_primal_modef_partial-eps-converted-to.pdf):
 PDF inclusion: found PDF version <1.7>, but at most version <1.5> allowed
<12_primal_modef_partial-eps-converted-to.pdf, id=49, 361.35pt x 252.945pt>
File: 12_primal_modef_partial-eps-converted-to.pdf Graphic file (type pdf)
<use 12_primal_modef_partial-eps-converted-to.pdf>
Package pdftex.def Info: 12_primal_modef_partial-eps-converted-to.pdf  used on 
input line 87.
(pdftex.def)             Requested size: 361.34912pt x 252.94438pt.
Package epstopdf Info: Source file: <12_primal_modef_partial_zoom.eps>
(epstopdf)                    date: 2023-08-01 15:38:42
(epstopdf)                    size: 27000 bytes
(epstopdf)             Output file: <12_primal_modef_partial_zoom-eps-converted
-to.pdf>
(epstopdf)                    date: 2023-08-01 15:38:55
(epstopdf)                    size: 8341 bytes
(epstopdf)             Command: <miktex-epstopdf --outfile=12_primal_modef_part
ial_zoom-eps-converted-to.pdf 12_primal_modef_partial_zoom.eps>
(epstopdf)             \includegraphics on input line 88.
Package epstopdf Info: Output file is already uptodate.


pdfTeX warning: pdflatex (file ./12_primal_modef_partial_zoom-eps-converted-to.
pdf): PDF inclusion: found PDF version <1.7>, but at most version <1.5> allowed

<12_primal_modef_partial_zoom-eps-converted-to.pdf, id=50, 361.35pt x 252.945pt
>
File: 12_primal_modef_partial_zoom-eps-converted-to.pdf Graphic file (type pdf)

<use 12_primal_modef_partial_zoom-eps-converted-to.pdf>
Package pdftex.def Info: 12_primal_modef_partial_zoom-eps-converted-to.pdf  use
d on input line 88.
(pdftex.def)             Requested size: 361.34912pt x 252.94438pt.

Overfull \hbox (312.74435pt too wide) in paragraph at lines 80--89
[][] []
 []


Overfull \hbox (312.74435pt too wide) in paragraph at lines 80--89
[] []
 []


Overfull \hbox (312.74435pt too wide) in paragraph at lines 80--89
[] []
 []


Overfull \hbox (312.74435pt too wide) in paragraph at lines 80--89
[] []
 []


Underfull \vbox (badness 10000) has occurred while \output is active []

 [1

{/home/jcosson/.miktex/texmfs/data/fonts/map/pdftex/pdftex.map} <./62_primal_mo
def_partial_zoom-eps-converted-to.pdf> <./14_primal_modef_partial-eps-converted
-to.pdf> <./14_primal_modef_partial_zoom-eps-converted-to.pdf> <./15_primal_mod
ef_partial-eps-converted-to.pdf>]
Underfull \vbox (badness 10000) has occurred while \output is active []

 [2 <./62_primal_modef_partial-eps-converted-to.pdf> <./13_primal_modef_partial
-eps-converted-to.pdf> <./13_primal_modef_partial_zoom-eps-converted-to.pdf> <.
/12_primal_modef_partial-eps-converted-to.pdf>] [3 <./12_primal_modef_partial_z
oom-eps-converted-to.pdf>] (eps-to-pdf.aux)
Package rerunfilecheck Info: File `eps-to-pdf.out' has not changed.
(rerunfilecheck)             Checksum: D41D8CD98F00B204E9800998ECF8427E;0.
 ) 
Here is how much of TeX's memory you used:
 39946 strings out of 476412
 826212 string characters out of 5796219
 1856851 words of memory out of 5000000
 59625 multiletter control sequences out of 15000+600000
 512585 words of font info for 33 fonts, out of 8000000 for 9000
 1141 hyphenation exceptions out of 8191
 108i,11n,106p,10639b,458s stack positions out of 10000i,1000n,20000p,200000b,200000s
</usr/local/share/miktex-texmf/fonts/type1/public/amsfonts/cm/cmr12.pfb>
Output written on eps-to-pdf.pdf (3 pages, 103897 bytes).
PDF statistics:
 128 PDF objects out of 1000 (max. 8388607)
 4 named destinations out of 1000 (max. 500000)
 202 words of extra memory for PDF output out of 10000 (max. 10000000)

